(---------------------------------------------------------------------)
(                                                                     )
(    Allegro Netrev Import Logic                                      )
(                                                                     )
(    Drawing          : STABILIZATOR.brd                              )
(    Software Version : 17.2S025                                      )
(    Date/Time        : Fri Dec 12 23:38:23 2025                      )
(                                                                     )
(---------------------------------------------------------------------)


------ Directives ------------

Ripup etch:                  No
Ripup delete first segment:  No
Ripup retain bondwire:       No
Ripup symbols:               Always
Missing symbol has error:    No
DRC update:                  Yes
Schematic directory:         'C:\P1_2025_432D_JUGULETE_IZABELA_ANA-MARIA_SERS_TEMA7_17_ORCADG\SCHEMATICS\allegro'
Design Directory:            'C:/P1_2025_432D_JUGULETE_IZABELA_ANA-MARIA_SERS_TEMA7_17_ORCADG/SCHEMATICS/allegro'
Old design name:             'C:/P1_2025_432D_Jugulete_Izabela_Ana-Maria_SERS_Tema7_17_OrCADg/Schematics/allegro/STABILIZATOR.brd'
New design name:             'C:/P1_2025_432D_JUGULETE_IZABELA_ANA-MARIA_SERS_TEMA7_17_ORCADG/SCHEMATICS/allegro/STABILIZATOR.brd'

CmdLine: netrev.exe -y 1 -i C:\P1_2025_432D_JUGULETE_IZABELA_ANA-MARIA_SERS_TEMA7_17_ORCADG\SCHEMATICS\allegro C:\P1_2025_432D_Jugulete_Izabela_Ana-Maria_SERS_Tema7_17_OrCADg\Schematics\allegro\STABILIZATOR.brd C:\P1_2025_432D_JUGULETE_IZABELA_ANA-MARIA_SERS_TEMA7_17_ORCADG\SCHEMATICS\allegro\STABILIZATOR.brd

------ Preparing to read pst files ------

Starting to read C:/P1_2025_432D_JUGULETE_IZABELA_ANA-MARIA_SERS_TEMA7_17_ORCADG/SCHEMATICS/allegro/pstchip.dat 
   Finished reading C:/P1_2025_432D_JUGULETE_IZABELA_ANA-MARIA_SERS_TEMA7_17_ORCADG/SCHEMATICS/allegro/pstchip.dat (00:00:00.02)
Starting to read C:/P1_2025_432D_JUGULETE_IZABELA_ANA-MARIA_SERS_TEMA7_17_ORCADG/SCHEMATICS/allegro/pstxprt.dat 
   Finished reading C:/P1_2025_432D_JUGULETE_IZABELA_ANA-MARIA_SERS_TEMA7_17_ORCADG/SCHEMATICS/allegro/pstxprt.dat (00:00:00.00)
Starting to read C:/P1_2025_432D_JUGULETE_IZABELA_ANA-MARIA_SERS_TEMA7_17_ORCADG/SCHEMATICS/allegro/pstxnet.dat 
   Finished reading C:/P1_2025_432D_JUGULETE_IZABELA_ANA-MARIA_SERS_TEMA7_17_ORCADG/SCHEMATICS/allegro/pstxnet.dat (00:00:00.00)

------ Oversights/Warnings/Errors ------


------ Library Paths ------
MODULEPATH =  . 
           C:/Cadence/SPB_17.2/share/local/pcb/modules 

PSMPATH =  . 
           symbols 
           .. 
           ../symbols 
           C:/Cadence/SPB_17.2/share/local/pcb/symbols 
           C:/Cadence/SPB_17.2/share/pcb/pcb_lib/symbols 
           C:/Cadence/SPB_17.2/share/pcb/allegrolib/symbols 

PADPATH =  . 
           symbols 
           .. 
           ../symbols 
           C:/Cadence/SPB_17.2/share/local/pcb/padstacks 
           C:/Cadence/SPB_17.2/share/pcb/pcb_lib/symbols 
           C:/Cadence/SPB_17.2/share/pcb/allegrolib/symbols 


------ Summary Statistics ------


netrev run on Dec 12 23:38:23 2025
   DESIGN NAME : 'STABILIZATOR'
   PACKAGING ON Jul 30 2017 03:29:02

   COMPILE 'logic'
   CHECK_PIN_NAMES OFF
   CROSS_REFERENCE OFF
   FEEDBACK OFF
   INCREMENTAL OFF
   INTERFACE_TYPE PHYSICAL
   MAX_ERRORS 500
   MERGE_MINIMUM 5
   NET_NAME_CHARS '#%&()*+-./:=>?@[]^_`|'
   NET_NAME_LENGTH 24
   OVERSIGHTS ON
   REPLACE_CHECK OFF
   SINGLE_NODE_NETS ON
   SPLIT_MINIMUM 0
   SUPPRESS   20
   WARNINGS ON

 No error detected
 No oversight detected
 No warning detected

cpu time      0:00:22
elapsed time  0:00:00

